<?xml version="1.0" encoding="UTF-8"?>
<testsuite xmlns:xsi="http://www.w3.org/2001/XMLSchema-instance" xsi:noNamespaceSchemaLocation="https://maven.apache.org/surefire/maven-surefire-plugin/xsd/surefire-test-report.xsd" name="org.javaboy.vhr.VhrApplicationTests" time="4.885" tests="1" errors="0" skipped="0" failures="0">
  <properties>
    <property name="java.specification.version" value="15"/>
    <property name="sun.cpu.isalist" value="amd64"/>
    <property name="sun.jnu.encoding" value="GBK"/>
    <property name="java.class.path" value="D:\Project\Test\vhr\vhrserver\vhr-web\target\test-classes;D:\Project\Test\vhr\vhrserver\vhr-web\target\classes;D:\Project\Test\vhr\vhrserver\vhr-service\target\vhr-service-1.0-SNAPSHOT.jar;D:\Project\Test\vhr\vhrserver\vhr-mapper\target\vhr-mapper-1.0-SNAPSHOT.jar;D:\Project\Test\vhr\vhrserver\vhr-model\target\vhr-model-1.0-SNAPSHOT.jar;C:\Intellj\maven\maven-repo\org\springframework\boot\spring-boot-starter-security\2.4.1\spring-boot-starter-security-2.4.1.jar;C:\Intellj\maven\maven-repo\org\springframework\security\spring-security-config\5.4.2\spring-security-config-5.4.2.jar;C:\Intellj\maven\maven-repo\org\mybatis\spring\boot\mybatis-spring-boot-starter\2.1.4\mybatis-spring-boot-starter-2.1.4.jar;C:\Intellj\maven\maven-repo\org\springframework\boot\spring-boot-starter-jdbc\2.4.1\spring-boot-starter-jdbc-2.4.1.jar;C:\Intellj\maven\maven-repo\com\zaxxer\HikariCP\3.4.5\HikariCP-3.4.5.jar;C:\Intellj\maven\maven-repo\org\springframework\spring-jdbc\5.3.2\spring-jdbc-5.3.2.jar;C:\Intellj\maven\maven-repo\org\mybatis\spring\boot\mybatis-spring-boot-autoconfigure\2.1.4\mybatis-spring-boot-autoconfigure-2.1.4.jar;C:\Intellj\maven\maven-repo\org\mybatis\mybatis\3.5.6\mybatis-3.5.6.jar;C:\Intellj\maven\maven-repo\org\mybatis\mybatis-spring\2.0.6\mybatis-spring-2.0.6.jar;C:\Intellj\maven\maven-repo\com\alibaba\druid-spring-boot-starter\1.1.10\druid-spring-boot-starter-1.1.10.jar;C:\Intellj\maven\maven-repo\com\alibaba\druid\1.1.10\druid-1.1.10.jar;C:\Intellj\maven\maven-repo\org\apache\poi\poi\4.1.1\poi-4.1.1.jar;C:\Intellj\maven\maven-repo\commons-codec\commons-codec\1.15\commons-codec-1.15.jar;C:\Intellj\maven\maven-repo\org\apache\commons\commons-collections4\4.4\commons-collections4-4.4.jar;C:\Intellj\maven\maven-repo\org\apache\commons\commons-math3\3.6.1\commons-math3-3.6.1.jar;C:\Intellj\maven\maven-repo\org\springframework\boot\spring-boot-starter-amqp\2.4.1\spring-boot-starter-amqp-2.4.1.jar;C:\Intellj\maven\maven-repo\org\springframework\amqp\spring-rabbit\2.3.2\spring-rabbit-2.3.2.jar;C:\Intellj\maven\maven-repo\org\springframework\amqp\spring-amqp\2.3.2\spring-amqp-2.3.2.jar;C:\Intellj\maven\maven-repo\org\springframework\retry\spring-retry\1.3.0\spring-retry-1.3.0.jar;C:\Intellj\maven\maven-repo\javax\annotation\javax.annotation-api\1.3.2\javax.annotation-api-1.3.2.jar;C:\Intellj\maven\maven-repo\com\rabbitmq\amqp-client\5.10.0\amqp-client-5.10.0.jar;C:\Intellj\maven\maven-repo\org\springframework\spring-tx\5.3.2\spring-tx-5.3.2.jar;C:\Intellj\maven\maven-repo\org\springframework\boot\spring-boot-starter-websocket\2.4.1\spring-boot-starter-websocket-2.4.1.jar;C:\Intellj\maven\maven-repo\org\springframework\boot\spring-boot-starter-web\2.4.1\spring-boot-starter-web-2.4.1.jar;C:\Intellj\maven\maven-repo\org\springframework\boot\spring-boot-starter-json\2.4.1\spring-boot-starter-json-2.4.1.jar;C:\Intellj\maven\maven-repo\com\fasterxml\jackson\core\jackson-databind\2.11.3\jackson-databind-2.11.3.jar;C:\Intellj\maven\maven-repo\com\fasterxml\jackson\core\jackson-annotations\2.11.3\jackson-annotations-2.11.3.jar;C:\Intellj\maven\maven-repo\com\fasterxml\jackson\core\jackson-core\2.11.3\jackson-core-2.11.3.jar;C:\Intellj\maven\maven-repo\com\fasterxml\jackson\datatype\jackson-datatype-jdk8\2.11.3\jackson-datatype-jdk8-2.11.3.jar;C:\Intellj\maven\maven-repo\com\fasterxml\jackson\datatype\jackson-datatype-jsr310\2.11.3\jackson-datatype-jsr310-2.11.3.jar;C:\Intellj\maven\maven-repo\com\fasterxml\jackson\module\jackson-module-parameter-names\2.11.3\jackson-module-parameter-names-2.11.3.jar;C:\Intellj\maven\maven-repo\org\springframework\boot\spring-boot-starter-tomcat\2.4.1\spring-boot-starter-tomcat-2.4.1.jar;C:\Intellj\maven\maven-repo\org\apache\tomcat\embed\tomcat-embed-core\9.0.41\tomcat-embed-core-9.0.41.jar;C:\Intellj\maven\maven-repo\org\glassfish\jakarta.el\3.0.3\jakarta.el-3.0.3.jar;C:\Intellj\maven\maven-repo\org\apache\tomcat\embed\tomcat-embed-websocket\9.0.41\tomcat-embed-websocket-9.0.41.jar;C:\Intellj\maven\maven-repo\org\springframework\spring-web\5.3.2\spring-web-5.3.2.jar;C:\Intellj\maven\maven-repo\org\springframework\spring-webmvc\5.3.2\spring-webmvc-5.3.2.jar;C:\Intellj\maven\maven-repo\org\springframework\spring-messaging\5.3.2\spring-messaging-5.3.2.jar;C:\Intellj\maven\maven-repo\org\springframework\spring-beans\5.3.2\spring-beans-5.3.2.jar;C:\Intellj\maven\maven-repo\org\springframework\spring-websocket\5.3.2\spring-websocket-5.3.2.jar;C:\Intellj\maven\maven-repo\org\springframework\spring-context\5.3.2\spring-context-5.3.2.jar;C:\Intellj\maven\maven-repo\org\springframework\boot\spring-boot-starter-test\2.4.1\spring-boot-starter-test-2.4.1.jar;C:\Intellj\maven\maven-repo\org\springframework\boot\spring-boot-starter\2.4.1\spring-boot-starter-2.4.1.jar;C:\Intellj\maven\maven-repo\org\springframework\boot\spring-boot\2.4.1\spring-boot-2.4.1.jar;C:\Intellj\maven\maven-repo\org\springframework\boot\spring-boot-autoconfigure\2.4.1\spring-boot-autoconfigure-2.4.1.jar;C:\Intellj\maven\maven-repo\org\springframework\boot\spring-boot-starter-logging\2.4.1\spring-boot-starter-logging-2.4.1.jar;C:\Intellj\maven\maven-repo\ch\qos\logback\logback-classic\1.2.3\logback-classic-1.2.3.jar;C:\Intellj\maven\maven-repo\ch\qos\logback\logback-core\1.2.3\logback-core-1.2.3.jar;C:\Intellj\maven\maven-repo\org\apache\logging\log4j\log4j-to-slf4j\2.13.3\log4j-to-slf4j-2.13.3.jar;C:\Intellj\maven\maven-repo\org\apache\logging\log4j\log4j-api\2.13.3\log4j-api-2.13.3.jar;C:\Intellj\maven\maven-repo\org\slf4j\jul-to-slf4j\1.7.30\jul-to-slf4j-1.7.30.jar;C:\Intellj\maven\maven-repo\jakarta\annotation\jakarta.annotation-api\1.3.5\jakarta.annotation-api-1.3.5.jar;C:\Intellj\maven\maven-repo\org\yaml\snakeyaml\1.27\snakeyaml-1.27.jar;C:\Intellj\maven\maven-repo\org\springframework\boot\spring-boot-test\2.4.1\spring-boot-test-2.4.1.jar;C:\Intellj\maven\maven-repo\org\springframework\boot\spring-boot-test-autoconfigure\2.4.1\spring-boot-test-autoconfigure-2.4.1.jar;C:\Intellj\maven\maven-repo\com\jayway\jsonpath\json-path\2.4.0\json-path-2.4.0.jar;C:\Intellj\maven\maven-repo\net\minidev\json-smart\2.3\json-smart-2.3.jar;C:\Intellj\maven\maven-repo\net\minidev\accessors-smart\1.2\accessors-smart-1.2.jar;C:\Intellj\maven\maven-repo\org\ow2\asm\asm\5.0.4\asm-5.0.4.jar;C:\Intellj\maven\maven-repo\org\slf4j\slf4j-api\1.7.30\slf4j-api-1.7.30.jar;C:\Intellj\maven\maven-repo\jakarta\xml\bind\jakarta.xml.bind-api\2.3.3\jakarta.xml.bind-api-2.3.3.jar;C:\Intellj\maven\maven-repo\jakarta\activation\jakarta.activation-api\1.2.2\jakarta.activation-api-1.2.2.jar;C:\Intellj\maven\maven-repo\org\assertj\assertj-core\3.18.1\assertj-core-3.18.1.jar;C:\Intellj\maven\maven-repo\org\hamcrest\hamcrest\2.2\hamcrest-2.2.jar;C:\Intellj\maven\maven-repo\org\junit\jupiter\junit-jupiter\5.7.0\junit-jupiter-5.7.0.jar;C:\Intellj\maven\maven-repo\org\junit\jupiter\junit-jupiter-api\5.7.0\junit-jupiter-api-5.7.0.jar;C:\Intellj\maven\maven-repo\org\apiguardian\apiguardian-api\1.1.0\apiguardian-api-1.1.0.jar;C:\Intellj\maven\maven-repo\org\opentest4j\opentest4j\1.2.0\opentest4j-1.2.0.jar;C:\Intellj\maven\maven-repo\org\junit\platform\junit-platform-commons\1.7.0\junit-platform-commons-1.7.0.jar;C:\Intellj\maven\maven-repo\org\junit\jupiter\junit-jupiter-params\5.7.0\junit-jupiter-params-5.7.0.jar;C:\Intellj\maven\maven-repo\org\junit\jupiter\junit-jupiter-engine\5.7.0\junit-jupiter-engine-5.7.0.jar;C:\Intellj\maven\maven-repo\org\junit\platform\junit-platform-engine\1.7.0\junit-platform-engine-1.7.0.jar;C:\Intellj\maven\maven-repo\org\mockito\mockito-core\3.6.28\mockito-core-3.6.28.jar;C:\Intellj\maven\maven-repo\net\bytebuddy\byte-buddy\1.10.18\byte-buddy-1.10.18.jar;C:\Intellj\maven\maven-repo\net\bytebuddy\byte-buddy-agent\1.10.18\byte-buddy-agent-1.10.18.jar;C:\Intellj\maven\maven-repo\org\objenesis\objenesis\3.1\objenesis-3.1.jar;C:\Intellj\maven\maven-repo\org\mockito\mockito-junit-jupiter\3.6.28\mockito-junit-jupiter-3.6.28.jar;C:\Intellj\maven\maven-repo\org\skyscreamer\jsonassert\1.5.0\jsonassert-1.5.0.jar;C:\Intellj\maven\maven-repo\com\vaadin\external\google\android-json\0.0.20131108.vaadin1\android-json-0.0.20131108.vaadin1.jar;C:\Intellj\maven\maven-repo\org\springframework\spring-core\5.3.2\spring-core-5.3.2.jar;C:\Intellj\maven\maven-repo\org\springframework\spring-jcl\5.3.2\spring-jcl-5.3.2.jar;C:\Intellj\maven\maven-repo\org\springframework\spring-test\5.3.2\spring-test-5.3.2.jar;C:\Intellj\maven\maven-repo\org\xmlunit\xmlunit-core\2.7.0\xmlunit-core-2.7.0.jar;C:\Intellj\maven\maven-repo\org\springframework\security\spring-security-test\5.4.2\spring-security-test-5.4.2.jar;C:\Intellj\maven\maven-repo\org\springframework\security\spring-security-core\5.4.2\spring-security-core-5.4.2.jar;C:\Intellj\maven\maven-repo\org\springframework\spring-aop\5.3.2\spring-aop-5.3.2.jar;C:\Intellj\maven\maven-repo\org\springframework\spring-expression\5.3.2\spring-expression-5.3.2.jar;C:\Intellj\maven\maven-repo\org\springframework\security\spring-security-web\5.4.2\spring-security-web-5.4.2.jar;C:\Intellj\maven\maven-repo\mysql\mysql-connector-java\5.1.35\mysql-connector-java-5.1.35.jar;"/>
    <property name="java.vm.vendor" value="Oracle Corporation"/>
    <property name="sun.arch.data.model" value="64"/>
    <property name="user.variant" value=""/>
    <property name="java.vendor.url" value="https://java.oracle.com/"/>
    <property name="user.timezone" value="Asia/Shanghai"/>
    <property name="os.name" value="Windows 10"/>
    <property name="java.vm.specification.version" value="15"/>
    <property name="sun.java.launcher" value="SUN_STANDARD"/>
    <property name="user.country" value="CN"/>
    <property name="sun.boot.library.path" value="C:\Users\msi\.jdks\openjdk-15.0.2\bin"/>
    <property name="sun.java.command" value="C:\Users\msi\AppData\Local\Temp\surefire7532703671840690132\surefirebooter7756541459748610936.jar C:\Users\msi\AppData\Local\Temp\surefire7532703671840690132 2021-02-23T21-47-55_796-jvmRun1 surefire17517909443344095722tmp surefire_0924279206827403176tmp"/>
    <property name="jdk.debug" value="release"/>
    <property name="surefire.test.class.path" value="D:\Project\Test\vhr\vhrserver\vhr-web\target\test-classes;D:\Project\Test\vhr\vhrserver\vhr-web\target\classes;D:\Project\Test\vhr\vhrserver\vhr-service\target\vhr-service-1.0-SNAPSHOT.jar;D:\Project\Test\vhr\vhrserver\vhr-mapper\target\vhr-mapper-1.0-SNAPSHOT.jar;D:\Project\Test\vhr\vhrserver\vhr-model\target\vhr-model-1.0-SNAPSHOT.jar;C:\Intellj\maven\maven-repo\org\springframework\boot\spring-boot-starter-security\2.4.1\spring-boot-starter-security-2.4.1.jar;C:\Intellj\maven\maven-repo\org\springframework\security\spring-security-config\5.4.2\spring-security-config-5.4.2.jar;C:\Intellj\maven\maven-repo\org\mybatis\spring\boot\mybatis-spring-boot-starter\2.1.4\mybatis-spring-boot-starter-2.1.4.jar;C:\Intellj\maven\maven-repo\org\springframework\boot\spring-boot-starter-jdbc\2.4.1\spring-boot-starter-jdbc-2.4.1.jar;C:\Intellj\maven\maven-repo\com\zaxxer\HikariCP\3.4.5\HikariCP-3.4.5.jar;C:\Intellj\maven\maven-repo\org\springframework\spring-jdbc\5.3.2\spring-jdbc-5.3.2.jar;C:\Intellj\maven\maven-repo\org\mybatis\spring\boot\mybatis-spring-boot-autoconfigure\2.1.4\mybatis-spring-boot-autoconfigure-2.1.4.jar;C:\Intellj\maven\maven-repo\org\mybatis\mybatis\3.5.6\mybatis-3.5.6.jar;C:\Intellj\maven\maven-repo\org\mybatis\mybatis-spring\2.0.6\mybatis-spring-2.0.6.jar;C:\Intellj\maven\maven-repo\com\alibaba\druid-spring-boot-starter\1.1.10\druid-spring-boot-starter-1.1.10.jar;C:\Intellj\maven\maven-repo\com\alibaba\druid\1.1.10\druid-1.1.10.jar;C:\Intellj\maven\maven-repo\org\apache\poi\poi\4.1.1\poi-4.1.1.jar;C:\Intellj\maven\maven-repo\commons-codec\commons-codec\1.15\commons-codec-1.15.jar;C:\Intellj\maven\maven-repo\org\apache\commons\commons-collections4\4.4\commons-collections4-4.4.jar;C:\Intellj\maven\maven-repo\org\apache\commons\commons-math3\3.6.1\commons-math3-3.6.1.jar;C:\Intellj\maven\maven-repo\org\springframework\boot\spring-boot-starter-amqp\2.4.1\spring-boot-starter-amqp-2.4.1.jar;C:\Intellj\maven\maven-repo\org\springframework\amqp\spring-rabbit\2.3.2\spring-rabbit-2.3.2.jar;C:\Intellj\maven\maven-repo\org\springframework\amqp\spring-amqp\2.3.2\spring-amqp-2.3.2.jar;C:\Intellj\maven\maven-repo\org\springframework\retry\spring-retry\1.3.0\spring-retry-1.3.0.jar;C:\Intellj\maven\maven-repo\javax\annotation\javax.annotation-api\1.3.2\javax.annotation-api-1.3.2.jar;C:\Intellj\maven\maven-repo\com\rabbitmq\amqp-client\5.10.0\amqp-client-5.10.0.jar;C:\Intellj\maven\maven-repo\org\springframework\spring-tx\5.3.2\spring-tx-5.3.2.jar;C:\Intellj\maven\maven-repo\org\springframework\boot\spring-boot-starter-websocket\2.4.1\spring-boot-starter-websocket-2.4.1.jar;C:\Intellj\maven\maven-repo\org\springframework\boot\spring-boot-starter-web\2.4.1\spring-boot-starter-web-2.4.1.jar;C:\Intellj\maven\maven-repo\org\springframework\boot\spring-boot-starter-json\2.4.1\spring-boot-starter-json-2.4.1.jar;C:\Intellj\maven\maven-repo\com\fasterxml\jackson\core\jackson-databind\2.11.3\jackson-databind-2.11.3.jar;C:\Intellj\maven\maven-repo\com\fasterxml\jackson\core\jackson-annotations\2.11.3\jackson-annotations-2.11.3.jar;C:\Intellj\maven\maven-repo\com\fasterxml\jackson\core\jackson-core\2.11.3\jackson-core-2.11.3.jar;C:\Intellj\maven\maven-repo\com\fasterxml\jackson\datatype\jackson-datatype-jdk8\2.11.3\jackson-datatype-jdk8-2.11.3.jar;C:\Intellj\maven\maven-repo\com\fasterxml\jackson\datatype\jackson-datatype-jsr310\2.11.3\jackson-datatype-jsr310-2.11.3.jar;C:\Intellj\maven\maven-repo\com\fasterxml\jackson\module\jackson-module-parameter-names\2.11.3\jackson-module-parameter-names-2.11.3.jar;C:\Intellj\maven\maven-repo\org\springframework\boot\spring-boot-starter-tomcat\2.4.1\spring-boot-starter-tomcat-2.4.1.jar;C:\Intellj\maven\maven-repo\org\apache\tomcat\embed\tomcat-embed-core\9.0.41\tomcat-embed-core-9.0.41.jar;C:\Intellj\maven\maven-repo\org\glassfish\jakarta.el\3.0.3\jakarta.el-3.0.3.jar;C:\Intellj\maven\maven-repo\org\apache\tomcat\embed\tomcat-embed-websocket\9.0.41\tomcat-embed-websocket-9.0.41.jar;C:\Intellj\maven\maven-repo\org\springframework\spring-web\5.3.2\spring-web-5.3.2.jar;C:\Intellj\maven\maven-repo\org\springframework\spring-webmvc\5.3.2\spring-webmvc-5.3.2.jar;C:\Intellj\maven\maven-repo\org\springframework\spring-messaging\5.3.2\spring-messaging-5.3.2.jar;C:\Intellj\maven\maven-repo\org\springframework\spring-beans\5.3.2\spring-beans-5.3.2.jar;C:\Intellj\maven\maven-repo\org\springframework\spring-websocket\5.3.2\spring-websocket-5.3.2.jar;C:\Intellj\maven\maven-repo\org\springframework\spring-context\5.3.2\spring-context-5.3.2.jar;C:\Intellj\maven\maven-repo\org\springframework\boot\spring-boot-starter-test\2.4.1\spring-boot-starter-test-2.4.1.jar;C:\Intellj\maven\maven-repo\org\springframework\boot\spring-boot-starter\2.4.1\spring-boot-starter-2.4.1.jar;C:\Intellj\maven\maven-repo\org\springframework\boot\spring-boot\2.4.1\spring-boot-2.4.1.jar;C:\Intellj\maven\maven-repo\org\springframework\boot\spring-boot-autoconfigure\2.4.1\spring-boot-autoconfigure-2.4.1.jar;C:\Intellj\maven\maven-repo\org\springframework\boot\spring-boot-starter-logging\2.4.1\spring-boot-starter-logging-2.4.1.jar;C:\Intellj\maven\maven-repo\ch\qos\logback\logback-classic\1.2.3\logback-classic-1.2.3.jar;C:\Intellj\maven\maven-repo\ch\qos\logback\logback-core\1.2.3\logback-core-1.2.3.jar;C:\Intellj\maven\maven-repo\org\apache\logging\log4j\log4j-to-slf4j\2.13.3\log4j-to-slf4j-2.13.3.jar;C:\Intellj\maven\maven-repo\org\apache\logging\log4j\log4j-api\2.13.3\log4j-api-2.13.3.jar;C:\Intellj\maven\maven-repo\org\slf4j\jul-to-slf4j\1.7.30\jul-to-slf4j-1.7.30.jar;C:\Intellj\maven\maven-repo\jakarta\annotation\jakarta.annotation-api\1.3.5\jakarta.annotation-api-1.3.5.jar;C:\Intellj\maven\maven-repo\org\yaml\snakeyaml\1.27\snakeyaml-1.27.jar;C:\Intellj\maven\maven-repo\org\springframework\boot\spring-boot-test\2.4.1\spring-boot-test-2.4.1.jar;C:\Intellj\maven\maven-repo\org\springframework\boot\spring-boot-test-autoconfigure\2.4.1\spring-boot-test-autoconfigure-2.4.1.jar;C:\Intellj\maven\maven-repo\com\jayway\jsonpath\json-path\2.4.0\json-path-2.4.0.jar;C:\Intellj\maven\maven-repo\net\minidev\json-smart\2.3\json-smart-2.3.jar;C:\Intellj\maven\maven-repo\net\minidev\accessors-smart\1.2\accessors-smart-1.2.jar;C:\Intellj\maven\maven-repo\org\ow2\asm\asm\5.0.4\asm-5.0.4.jar;C:\Intellj\maven\maven-repo\org\slf4j\slf4j-api\1.7.30\slf4j-api-1.7.30.jar;C:\Intellj\maven\maven-repo\jakarta\xml\bind\jakarta.xml.bind-api\2.3.3\jakarta.xml.bind-api-2.3.3.jar;C:\Intellj\maven\maven-repo\jakarta\activation\jakarta.activation-api\1.2.2\jakarta.activation-api-1.2.2.jar;C:\Intellj\maven\maven-repo\org\assertj\assertj-core\3.18.1\assertj-core-3.18.1.jar;C:\Intellj\maven\maven-repo\org\hamcrest\hamcrest\2.2\hamcrest-2.2.jar;C:\Intellj\maven\maven-repo\org\junit\jupiter\junit-jupiter\5.7.0\junit-jupiter-5.7.0.jar;C:\Intellj\maven\maven-repo\org\junit\jupiter\junit-jupiter-api\5.7.0\junit-jupiter-api-5.7.0.jar;C:\Intellj\maven\maven-repo\org\apiguardian\apiguardian-api\1.1.0\apiguardian-api-1.1.0.jar;C:\Intellj\maven\maven-repo\org\opentest4j\opentest4j\1.2.0\opentest4j-1.2.0.jar;C:\Intellj\maven\maven-repo\org\junit\platform\junit-platform-commons\1.7.0\junit-platform-commons-1.7.0.jar;C:\Intellj\maven\maven-repo\org\junit\jupiter\junit-jupiter-params\5.7.0\junit-jupiter-params-5.7.0.jar;C:\Intellj\maven\maven-repo\org\junit\jupiter\junit-jupiter-engine\5.7.0\junit-jupiter-engine-5.7.0.jar;C:\Intellj\maven\maven-repo\org\junit\platform\junit-platform-engine\1.7.0\junit-platform-engine-1.7.0.jar;C:\Intellj\maven\maven-repo\org\mockito\mockito-core\3.6.28\mockito-core-3.6.28.jar;C:\Intellj\maven\maven-repo\net\bytebuddy\byte-buddy\1.10.18\byte-buddy-1.10.18.jar;C:\Intellj\maven\maven-repo\net\bytebuddy\byte-buddy-agent\1.10.18\byte-buddy-agent-1.10.18.jar;C:\Intellj\maven\maven-repo\org\objenesis\objenesis\3.1\objenesis-3.1.jar;C:\Intellj\maven\maven-repo\org\mockito\mockito-junit-jupiter\3.6.28\mockito-junit-jupiter-3.6.28.jar;C:\Intellj\maven\maven-repo\org\skyscreamer\jsonassert\1.5.0\jsonassert-1.5.0.jar;C:\Intellj\maven\maven-repo\com\vaadin\external\google\android-json\0.0.20131108.vaadin1\android-json-0.0.20131108.vaadin1.jar;C:\Intellj\maven\maven-repo\org\springframework\spring-core\5.3.2\spring-core-5.3.2.jar;C:\Intellj\maven\maven-repo\org\springframework\spring-jcl\5.3.2\spring-jcl-5.3.2.jar;C:\Intellj\maven\maven-repo\org\springframework\spring-test\5.3.2\spring-test-5.3.2.jar;C:\Intellj\maven\maven-repo\org\xmlunit\xmlunit-core\2.7.0\xmlunit-core-2.7.0.jar;C:\Intellj\maven\maven-repo\org\springframework\security\spring-security-test\5.4.2\spring-security-test-5.4.2.jar;C:\Intellj\maven\maven-repo\org\springframework\security\spring-security-core\5.4.2\spring-security-core-5.4.2.jar;C:\Intellj\maven\maven-repo\org\springframework\spring-aop\5.3.2\spring-aop-5.3.2.jar;C:\Intellj\maven\maven-repo\org\springframework\spring-expression\5.3.2\spring-expression-5.3.2.jar;C:\Intellj\maven\maven-repo\org\springframework\security\spring-security-web\5.4.2\spring-security-web-5.4.2.jar;C:\Intellj\maven\maven-repo\mysql\mysql-connector-java\5.1.35\mysql-connector-java-5.1.35.jar;"/>
    <property name="sun.cpu.endian" value="little"/>
    <property name="user.home" value="C:\Users\msi"/>
    <property name="user.language" value="zh"/>
    <property name="java.specification.vendor" value="Oracle Corporation"/>
    <property name="java.version.date" value="2021-01-19"/>
    <property name="java.home" value="C:\Users\msi\.jdks\openjdk-15.0.2"/>
    <property name="file.separator" value="\"/>
    <property name="basedir" value="D:\Project\Test\vhr\vhrserver\vhr-web"/>
    <property name="java.vm.compressedOopsMode" value="Zero based"/>
    <property name="line.separator" value="&#10;"/>
    <property name="java.vm.specification.vendor" value="Oracle Corporation"/>
    <property name="java.specification.name" value="Java Platform API Specification"/>
    <property name="surefire.real.class.path" value="C:\Users\msi\AppData\Local\Temp\surefire7532703671840690132\surefirebooter7756541459748610936.jar"/>
    <property name="user.script" value=""/>
    <property name="sun.management.compiler" value="HotSpot 64-Bit Tiered Compilers"/>
    <property name="java.runtime.version" value="15.0.2+7-27"/>
    <property name="user.name" value="msi"/>
    <property name="path.separator" value=";"/>
    <property name="os.version" value="10.0"/>
    <property name="java.runtime.name" value="OpenJDK Runtime Environment"/>
    <property name="file.encoding" value="GBK"/>
    <property name="java.vm.name" value="OpenJDK 64-Bit Server VM"/>
    <property name="localRepository" value="C:\Intellj\maven\maven-repo"/>
    <property name="java.vendor.url.bug" value="https://bugreport.java.com/bugreport/"/>
    <property name="java.io.tmpdir" value="C:\Users\msi\AppData\Local\Temp\"/>
    <property name="idea.version" value="2020.3.2"/>
    <property name="java.version" value="15.0.2"/>
    <property name="user.dir" value="D:\Project\Test\vhr\vhrserver\vhr-web"/>
    <property name="os.arch" value="amd64"/>
    <property name="java.vm.specification.name" value="Java Virtual Machine Specification"/>
    <property name="sun.os.patch.level" value=""/>
    <property name="java.library.path" value="C:\Users\msi\.jdks\openjdk-15.0.2\bin;C:\Windows\Sun\Java\bin;C:\Windows\system32;C:\Windows;C:\Program Files\Java\jdk-15.0.1\bin;C:\Program Files\Common Files\Oracle\Java\javapath;C:\Windows\system32;C:\Windows;C:\Windows\System32\Wbem;C:\Windows\System32\WindowsPowerShell\v1.0\;C:\Windows\System32\OpenSSH\;C:\Program Files\GO\bin;D:\Project\tools\rabbitmq\rabbitmq_server-3.7.7\sbin;D:\Software\nodejs\;C:\ProgramData\chocolatey\bin;%MYSQL_HOME%\bin;D:\Software\MySQL\MySQL Server 5.5\bin;C:\Intellj\maven\bin;;D:\Software\Matlab2020a\runtime\win64;D:\Software\Matlab2020a\bin;D:\Software\Matlab2020a\polyspace\bin;C:\Program Files (x86)\NetSarang\Xshell 7\;C:\Program Files\MySQL\MySQL Server 5.5\bin;C:\Users\msi\AppData\Local\Microsoft\WindowsApps;C:\Users\msi\AppData\Local\GitHubDesktop\bin;C:\Users\msi\go\bin;D:\Project\tools\otp_win64_20.2\erl9.2\bin;C:\Users\msi\AppData\Roaming\npm;D:\Software\nodejs;;C:\Program Files\JetBrains\WebStorm 2020.3.1\bin;;."/>
    <property name="java.vm.info" value="mixed mode, sharing"/>
    <property name="java.vendor" value="Oracle Corporation"/>
    <property name="java.vm.version" value="15.0.2+7-27"/>
    <property name="sun.io.unicode.encoding" value="UnicodeLittle"/>
    <property name="java.class.version" value="59.0"/>
  </properties>
  <testcase name="contextLoads" classname="org.javaboy.vhr.VhrApplicationTests" time="0.32"/>
</testsuite>